<?xml version="1.0" encoding="UTF-8"?>
<!-- Generated by org.testng.reporters.JUnitReportReporter -->
<testsuite hostname="JOHAN-NB" failures="0" tests="5" name="testrunner.LoginTests" time="2.917" errors="0" timestamp="2024-09-16T19:16:32 WIB" skipped="2">
  <testcase classname="testrunner.LoginTests" name="openWeb" time="0.658"/>
  <system-out/>
  <testcase classname="testrunner.LoginTests" name="verifyLoginPageTitle" time="0.030"/>
  <system-out/>
  <testcase classname="testrunner.LoginTests" name="HomeTest" time="2.229"/>
  <system-out/>
  <testcase classname="testrunner.LoginTests" name="verifyLinkedIn">
    <skipped/>
  </testcase> <!-- verifyLinkedIn -->
  <system-out/>
  <testcase classname="testrunner.LoginTests" name="verifyforgetPasswordLink">
    <skipped/>
  </testcase> <!-- verifyforgetPasswordLink -->
  <system-out/>
</testsuite> <!-- testrunner.LoginTests -->
