<?xml version="1.0" encoding="UTF-8"?>
<!-- Generated by org.testng.reporters.JUnitReportReporter -->
<testsuite hostname="JOHAN-NB" failures="0" tests="6" name="testrunner.HomePageTests" time="24.069" errors="0" timestamp="2024-09-16T19:39:31 WIB" skipped="0">
  <testcase classname="testrunner.HomePageTests" name="TestNaviLeftMenu" time="13.379"/>
  <system-out/>
  <testcase classname="testrunner.HomePageTests" name="TestNaviLeftMenuAdmin" time="4.094"/>
  <system-out/>
  <testcase classname="testrunner.HomePageTests" name="TestNaviLeftMenuPIM" time="0.961"/>
  <system-out/>
  <testcase classname="testrunner.HomePageTests" name="TestNaviLeftMenuLeave" time="1.953"/>
  <system-out/>
  <testcase classname="testrunner.HomePageTests" name="TestNaviLeftMenuTime" time="2.274"/>
  <system-out/>
  <testcase classname="testrunner.HomePageTests" name="TestNaviLeftMenuRecruitment" time="1.408"/>
  <system-out/>
</testsuite> <!-- testrunner.HomePageTests -->
