<?xml version="1.0" encoding="UTF-8"?>
<!-- Generated by org.testng.reporters.JUnitReportReporter -->
<testsuite hostname="JOHAN-NB" failures="0" tests="6" name="testrunner.LoginTests" time="7.273" errors="0" timestamp="2024-10-08T12:12:02 WIB" skipped="2">
  <testcase classname="testrunner.LoginTests" name="openWeb" time="5.071"/>
  <testcase classname="testrunner.LoginTests" name="verifyLoginPageTitle" time="1.028"/>
  <testcase classname="testrunner.LoginTests" name="verifyCoyRight" time="1.028"/>
  <testcase classname="testrunner.LoginTests" name="LoginTest" time="0.146"/>
  <testcase classname="testrunner.LoginTests" name="verifyLinkedIn">
    <skipped/>
  </testcase> <!-- verifyLinkedIn -->
  <testcase classname="testrunner.LoginTests" name="verifyforgetPasswordLink">
    <skipped/>
  </testcase> <!-- verifyforgetPasswordLink -->
</testsuite> <!-- testrunner.LoginTests -->
