<?xml version="1.0" encoding="UTF-8"?>
<!-- Generated by org.testng.reporters.JUnitReportReporter -->
<testsuite hostname="JOHAN-NB" failures="0" tests="26" name="testrunner.HomePageTests" time="93.763" errors="0" timestamp="2024-09-28T19:24:36 WIB" skipped="0">
  <testcase classname="testrunner.HomePageTests" name="TestNaviLeftMenu" time="5.398"/>
  <testcase classname="testrunner.HomePageTests" name="TestNaviLeftMenu" time="4.563"/>
  <testcase classname="testrunner.HomePageTests" name="TestNaviLeftMenuAdmin" time="3.849"/>
  <testcase classname="testrunner.HomePageTests" name="TestNaviLeftMenuAdmin" time="3.506"/>
  <testcase classname="testrunner.HomePageTests" name="TestNaviLeftMenuPIM" time="3.199"/>
  <testcase classname="testrunner.HomePageTests" name="TestNaviLeftMenuPIM" time="4.716"/>
  <testcase classname="testrunner.HomePageTests" name="TestNaviLeftMenuLeave" time="3.281"/>
  <testcase classname="testrunner.HomePageTests" name="TestNaviLeftMenuLeave" time="2.580"/>
  <testcase classname="testrunner.HomePageTests" name="TestNaviLeftMenuTime" time="2.599"/>
  <testcase classname="testrunner.HomePageTests" name="TestNaviLeftMenuTime" time="6.622"/>
  <testcase classname="testrunner.HomePageTests" name="TestNaviLeftMenuRecruitment" time="2.577"/>
  <testcase classname="testrunner.HomePageTests" name="TestNaviLeftMenuRecruitment" time="2.772"/>
  <testcase classname="testrunner.HomePageTests" name="TestNaviLeftMenuMyInfo" time="3.328"/>
  <testcase classname="testrunner.HomePageTests" name="TestNaviLeftMenuMyInfo" time="2.943"/>
  <testcase classname="testrunner.HomePageTests" name="TestNaviLeftMenuPerformance" time="2.591"/>
  <testcase classname="testrunner.HomePageTests" name="TestNaviLeftMenuPerformance" time="2.636"/>
  <testcase classname="testrunner.HomePageTests" name="TestNaviLeftDashboard" time="2.117"/>
  <testcase classname="testrunner.HomePageTests" name="TestNaviLeftDashboard" time="2.905"/>
  <testcase classname="testrunner.HomePageTests" name="TestNaviLeftDirectory" time="2.149"/>
  <testcase classname="testrunner.HomePageTests" name="TestNaviLeftDirectory" time="3.297"/>
  <testcase classname="testrunner.HomePageTests" name="TestNaviLeftClaim" time="6.272"/>
  <testcase classname="testrunner.HomePageTests" name="TestNaviLeftClaim" time="2.876"/>
  <testcase classname="testrunner.HomePageTests" name="TestNaviLeftBuzz" time="2.199"/>
  <testcase classname="testrunner.HomePageTests" name="TestNaviLeftBuzz" time="2.134"/>
  <testcase classname="testrunner.HomePageTests" name="TestNaviLeftMaintenance" time="4.892"/>
  <testcase classname="testrunner.HomePageTests" name="TestNaviLeftMaintenance" time="7.762"/>
</testsuite> <!-- testrunner.HomePageTests -->
