<?xml version="1.0" encoding="UTF-8"?>
<!-- Generated by org.testng.reporters.JUnitReportReporter -->
<testsuite hostname="JOHAN-NB" failures="0" tests="6" name="testrunner.HomePageTests" time="15.493" errors="0" timestamp="2024-09-21T22:34:45 WIB" skipped="0">
  <testcase classname="testrunner.HomePageTests" name="TestNaviLeftMenu" time="6.487"/>
  <system-out/>
  <testcase classname="testrunner.HomePageTests" name="TestNaviLeftMenuAdmin" time="2.839"/>
  <system-out/>
  <testcase classname="testrunner.HomePageTests" name="TestNaviLeftMenuPIM" time="1.357"/>
  <system-out/>
  <testcase classname="testrunner.HomePageTests" name="TestNaviLeftMenuLeave" time="1.570"/>
  <system-out/>
  <testcase classname="testrunner.HomePageTests" name="TestNaviLeftMenuTime" time="1.839"/>
  <system-out/>
  <testcase classname="testrunner.HomePageTests" name="TestNaviLeftMenuRecruitment" time="1.401"/>
  <system-out/>
</testsuite> <!-- testrunner.HomePageTests -->
