<?xml version="1.0" encoding="UTF-8"?>
<!-- Generated by org.testng.reporters.JUnitReportReporter -->
<testsuite hostname="JOHAN-NB" failures="0" tests="5" name="TestNgSeleniumExtentReports.LoginTests" time="3.051" errors="0" timestamp="2024-09-16T16:32:50 WIB" skipped="2">
  <testcase classname="TestNgSeleniumExtentReports.LoginTests" name="openWeb" time="0.828"/>
  <system-out/>
  <testcase classname="TestNgSeleniumExtentReports.LoginTests" name="verifyLoginPageTitle" time="0.034"/>
  <system-out/>
  <testcase classname="TestNgSeleniumExtentReports.LoginTests" name="HomeTest" time="2.189"/>
  <system-out/>
  <testcase classname="TestNgSeleniumExtentReports.LoginTests" name="verifyforgetPasswordLink">
    <skipped/>
  </testcase> <!-- verifyforgetPasswordLink -->
  <system-out/>
  <testcase classname="TestNgSeleniumExtentReports.LoginTests" name="verifyLinkedIn">
    <skipped/>
  </testcase> <!-- verifyLinkedIn -->
  <system-out/>
</testsuite> <!-- TestNgSeleniumExtentReports.LoginTests -->
