<?xml version="1.0" encoding="UTF-8"?>
<!-- Generated by org.testng.reporters.JUnitReportReporter -->
<testsuite hostname="JOHAN-NB" failures="0" tests="17" name="testcases.HomePageTests" time="50.070" errors="0" timestamp="2024-10-13T22:10:36 WIB" skipped="0">
  <testcase classname="testcases.HomePageTests" name="TestNaviLeftMenu" time="1.921"/>
  <testcase classname="testcases.HomePageTests" name="TestNaviLeftMenuAdmin" time="3.757"/>
  <testcase classname="testcases.HomePageTests" name="TestNaviLeftMenuPIM" time="2.876"/>
  <testcase classname="testcases.HomePageTests" name="TestNaviLeftMenuLeave" time="2.235"/>
  <testcase classname="testcases.HomePageTests" name="TestNaviLeftMenuTime" time="2.217"/>
  <testcase classname="testcases.HomePageTests" name="TestNaviLeftMenuRecruitment" time="2.220"/>
  <testcase classname="testcases.HomePageTests" name="TestNaviLeftMenuMyInfo" time="2.705"/>
  <testcase classname="testcases.HomePageTests" name="TestNaviLeftMenuPerformance" time="3.159"/>
  <testcase classname="testcases.HomePageTests" name="TestNaviLeftDashboard" time="1.944"/>
  <testcase classname="testcases.HomePageTests" name="TestNaviLeftDirectory" time="2.077"/>
  <testcase classname="testcases.HomePageTests" name="TestNaviLeftClaim" time="2.141"/>
  <testcase classname="testcases.HomePageTests" name="TestNaviLeftBuzz" time="1.921"/>
  <testcase classname="testcases.HomePageTests" name="TestNaviLeftMaintenance" time="5.882"/>
  <testcase classname="testcases.HomePageTests" name="TestDashBoardLabel" time="0.437"/>
  <testcase classname="testcases.HomePageTests" name="TestDashBoardDropDownMenu" time="0.070"/>
  <testcase classname="testcases.HomePageTests" name="TestDashBoardDropDownMenuChangePassword" time="8.561"/>
  <testcase classname="testcases.HomePageTests" name="TestDashBoardDropDownMenuLogout" time="5.947"/>
</testsuite> <!-- testcases.HomePageTests -->
