<?xml version="1.0" encoding="UTF-8"?>
<!-- Generated by org.testng.reporters.JUnitReportReporter -->
<testsuite hostname="JOHAN-NB" failures="0" tests="5" name="testrunner.LoginTests" time="3.302" errors="0" timestamp="2024-09-16T16:45:44 WIB" skipped="2">
  <testcase classname="testrunner.LoginTests" name="openWeb" time="0.609"/>
  <system-out/>
  <testcase classname="testrunner.LoginTests" name="verifyLoginPageTitle" time="0.049"/>
  <system-out/>
  <testcase classname="testrunner.LoginTests" name="HomeTest" time="2.644"/>
  <system-out/>
  <testcase classname="testrunner.LoginTests" name="verifyLinkedIn">
    <skipped/>
  </testcase> <!-- verifyLinkedIn -->
  <system-out/>
  <testcase classname="testrunner.LoginTests" name="verifyforgetPasswordLink">
    <skipped/>
  </testcase> <!-- verifyforgetPasswordLink -->
  <system-out/>
</testsuite> <!-- testrunner.LoginTests -->
