<?xml version="1.0" encoding="UTF-8"?>
<!-- Generated by org.testng.reporters.JUnitReportReporter -->
<testsuite hostname="JOHAN-NB" failures="0" tests="6" name="testcases.LoginTests" time="7.909" errors="0" timestamp="2024-10-13T22:23:28 WIB" skipped="2">
  <testcase classname="testcases.LoginTests" name="openWeb" time="5.059"/>
  <testcase classname="testcases.LoginTests" name="verifyLoginPageTitle" time="1.039"/>
  <testcase classname="testcases.LoginTests" name="verifyCoyRight" time="1.039"/>
  <testcase classname="testcases.LoginTests" name="LoginTest" time="0.772"/>
  <testcase classname="testcases.LoginTests" name="verifyLinkedIn">
    <skipped/>
  </testcase> <!-- verifyLinkedIn -->
  <testcase classname="testcases.LoginTests" name="verifyforgetPasswordLink">
    <skipped/>
  </testcase> <!-- verifyforgetPasswordLink -->
</testsuite> <!-- testcases.LoginTests -->
