<?xml version="1.0" encoding="UTF-8"?>
<!-- Generated by org.testng.reporters.JUnitReportReporter -->
<testsuite hostname="JOHAN-NB" failures="0" tests="17" name="testcases.HomePageTests" time="48.677" errors="0" timestamp="2024-10-13T22:19:56 WIB" skipped="0">
  <testcase classname="testcases.HomePageTests" name="TestNaviLeftMenu" time="3.496"/>
  <testcase classname="testcases.HomePageTests" name="TestNaviLeftMenuAdmin" time="2.772"/>
  <testcase classname="testcases.HomePageTests" name="TestNaviLeftMenuPIM" time="2.578"/>
  <testcase classname="testcases.HomePageTests" name="TestNaviLeftMenuLeave" time="2.240"/>
  <testcase classname="testcases.HomePageTests" name="TestNaviLeftMenuTime" time="1.905"/>
  <testcase classname="testcases.HomePageTests" name="TestNaviLeftMenuRecruitment" time="2.193"/>
  <testcase classname="testcases.HomePageTests" name="TestNaviLeftMenuMyInfo" time="2.429"/>
  <testcase classname="testcases.HomePageTests" name="TestNaviLeftMenuPerformance" time="2.209"/>
  <testcase classname="testcases.HomePageTests" name="TestNaviLeftDashboard" time="1.968"/>
  <testcase classname="testcases.HomePageTests" name="TestNaviLeftDirectory" time="1.891"/>
  <testcase classname="testcases.HomePageTests" name="TestNaviLeftClaim" time="2.217"/>
  <testcase classname="testcases.HomePageTests" name="TestNaviLeftBuzz" time="1.893"/>
  <testcase classname="testcases.HomePageTests" name="TestNaviLeftMaintenance" time="5.992"/>
  <testcase classname="testcases.HomePageTests" name="TestDashBoardLabel" time="0.326"/>
  <testcase classname="testcases.HomePageTests" name="TestDashBoardDropDownMenu" time="0.219"/>
  <testcase classname="testcases.HomePageTests" name="TestDashBoardDropDownMenuChangePassword" time="8.506"/>
  <testcase classname="testcases.HomePageTests" name="TestDashBoardDropDownMenuLogout" time="5.843"/>
</testsuite> <!-- testcases.HomePageTests -->
