<?xml version="1.0" encoding="UTF-8"?>
<!-- Generated by org.testng.reporters.JUnitReportReporter -->
<testsuite hostname="JOHAN-NB" failures="0" tests="13" name="testrunner.HomePageTests" time="37.938" errors="0" timestamp="2024-09-21T23:49:43 WIB" skipped="0">
  <testcase classname="testrunner.HomePageTests" name="TestNaviLeftMenu" time="4.663"/>
  <system-out/>
  <testcase classname="testrunner.HomePageTests" name="TestNaviLeftMenuAdmin" time="4.319"/>
  <system-out/>
  <testcase classname="testrunner.HomePageTests" name="TestNaviLeftMenuPIM" time="2.880"/>
  <system-out/>
  <testcase classname="testrunner.HomePageTests" name="TestNaviLeftMenuLeave" time="2.408"/>
  <system-out/>
  <testcase classname="testrunner.HomePageTests" name="TestNaviLeftMenuTime" time="2.459"/>
  <system-out/>
  <testcase classname="testrunner.HomePageTests" name="TestNaviLeftMenuRecruitment" time="2.397"/>
  <system-out/>
  <testcase classname="testrunner.HomePageTests" name="TestNaviLeftMenuMyInfo" time="2.671"/>
  <system-out/>
  <testcase classname="testrunner.HomePageTests" name="TestNaviLeftMenuPerformance" time="2.430"/>
  <system-out/>
  <testcase classname="testrunner.HomePageTests" name="TestNaviLeftDashboard" time="2.053"/>
  <system-out/>
  <testcase classname="testrunner.HomePageTests" name="TestNaviLeftDirectory" time="2.042"/>
  <system-out/>
  <testcase classname="testrunner.HomePageTests" name="TestNaviLeftClaim" time="2.576"/>
  <system-out/>
  <testcase classname="testrunner.HomePageTests" name="TestNaviLeftBuzz" time="2.014"/>
  <system-out/>
  <testcase classname="testrunner.HomePageTests" name="TestNaviLeftMaintenance" time="5.026"/>
  <system-out/>
</testsuite> <!-- testrunner.HomePageTests -->
