<?xml version="1.0" encoding="UTF-8"?>
<!-- Generated by org.testng.reporters.JUnitReportReporter -->
<testsuite hostname="JOHAN-NB" failures="0" tests="5" name="testrunner.LoginTests" time="3.998" errors="0" timestamp="2024-09-22T00:26:06 WIB" skipped="2">
  <testcase classname="testrunner.LoginTests" name="openWeb" time="0.627"/>
  <testcase classname="testrunner.LoginTests" name="verifyLoginPageTitle" time="0.032"/>
  <testcase classname="testrunner.LoginTests" name="HomeTest" time="3.339"/>
  <testcase classname="testrunner.LoginTests" name="verifyforgetPasswordLink">
    <skipped/>
  </testcase> <!-- verifyforgetPasswordLink -->
  <testcase classname="testrunner.LoginTests" name="verifyLinkedIn">
    <skipped/>
  </testcase> <!-- verifyLinkedIn -->
</testsuite> <!-- testrunner.LoginTests -->
