<?xml version="1.0" encoding="UTF-8"?>
<!-- Generated by org.testng.reporters.JUnitReportReporter -->
<testsuite hostname="JOHAN-NB" failures="0" tests="5" name="testrunner.LoginTests" time="4.233" errors="0" timestamp="2024-09-21T23:25:12 WIB" skipped="2">
  <testcase classname="testrunner.LoginTests" name="openWeb" time="0.627"/>
  <system-out/>
  <testcase classname="testrunner.LoginTests" name="verifyLoginPageTitle" time="0.028"/>
  <system-out/>
  <testcase classname="testrunner.LoginTests" name="HomeTest" time="3.578"/>
  <system-out/>
  <testcase classname="testrunner.LoginTests" name="verifyLinkedIn">
    <skipped/>
  </testcase> <!-- verifyLinkedIn -->
  <system-out/>
  <testcase classname="testrunner.LoginTests" name="verifyforgetPasswordLink">
    <skipped/>
  </testcase> <!-- verifyforgetPasswordLink -->
  <system-out/>
</testsuite> <!-- testrunner.LoginTests -->
