<?xml version="1.0" encoding="UTF-8"?>
<!-- Generated by org.testng.reporters.JUnitReportReporter -->
<testsuite hostname="JOHAN-NB" failures="0" tests="5" name="testrunner.LoginTests" time="10.521" errors="0" timestamp="2024-09-16T19:57:23 WIB" skipped="2">
  <testcase classname="testrunner.LoginTests" name="openWeb" time="1.649"/>
  <system-out/>
  <testcase classname="testrunner.LoginTests" name="verifyLoginPageTitle" time="0.042"/>
  <system-out/>
  <testcase classname="testrunner.LoginTests" name="HomeTest" time="8.830"/>
  <system-out/>
  <testcase classname="testrunner.LoginTests" name="verifyLinkedIn">
    <skipped/>
  </testcase> <!-- verifyLinkedIn -->
  <system-out/>
  <testcase classname="testrunner.LoginTests" name="verifyforgetPasswordLink">
    <skipped/>
  </testcase> <!-- verifyforgetPasswordLink -->
  <system-out/>
</testsuite> <!-- testrunner.LoginTests -->
