<?xml version="1.0" encoding="UTF-8"?>
<!-- Generated by org.testng.reporters.JUnitReportReporter -->
<testsuite hostname="JOHAN-NB" failures="0" tests="5" name="testrunner.HomePageTests" time="13.682" errors="0" timestamp="2024-09-16T19:15:49 WIB" skipped="0">
  <testcase classname="testrunner.HomePageTests" name="TestNaviLeftMenu" time="6.675"/>
  <system-out/>
  <testcase classname="testrunner.HomePageTests" name="TestNaviLeftMenuAdmin" time="3.026"/>
  <system-out/>
  <testcase classname="testrunner.HomePageTests" name="TestNaviLeftMenuPIM" time="0.945"/>
  <system-out/>
  <testcase classname="testrunner.HomePageTests" name="TestNaviLeftMenuLeave" time="1.570"/>
  <system-out/>
  <testcase classname="testrunner.HomePageTests" name="TestNaviLeftMenuTime" time="1.466"/>
  <system-out/>
</testsuite> <!-- testrunner.HomePageTests -->
