<?xml version="1.0" encoding="UTF-8"?>
<!-- Generated by org.testng.reporters.JUnitReportReporter -->
<testsuite hostname="JOHAN-NB" failures="0" tests="5" name="testrunner.HomePageTests" time="14.838" errors="0" timestamp="2024-09-16T19:02:21 WIB" skipped="0">
  <testcase classname="testrunner.HomePageTests" name="TestNaviLeftMenu" time="4.536"/>
  <system-out/>
  <testcase classname="testrunner.HomePageTests" name="TestNaviLeftMenuAdmin" time="5.336"/>
  <system-out/>
  <testcase classname="testrunner.HomePageTests" name="TestNaviLeftMenuPIM" time="1.139"/>
  <system-out/>
  <testcase classname="testrunner.HomePageTests" name="TestNaviLeftMenuLeave" time="1.761"/>
  <system-out/>
  <testcase classname="testrunner.HomePageTests" name="TestNaviLeftMenuTime" time="2.066"/>
  <system-out/>
</testsuite> <!-- testrunner.HomePageTests -->
